** Daemonized, any open files are closed.  Look at log/mongrel.pid and log/mongrel.log for info.
** Starting Mongrel listening at 0.0.0.0:80
/opt/local/lib/ruby/gems/1.8/gems/mongrel-1.1.5/bin/../lib/mongrel/tcphack.rb:12:in `initialize_without_backlog': Permission denied - bind(2) (Errno::EACCES)
	from /opt/local/lib/ruby/gems/1.8/gems/mongrel-1.1.5/bin/../lib/mongrel/tcphack.rb:12:in `initialize'
	from /opt/local/lib/ruby/gems/1.8/gems/mongrel-1.1.5/bin/../lib/mongrel.rb:93:in `new'
	from /opt/local/lib/ruby/gems/1.8/gems/mongrel-1.1.5/bin/../lib/mongrel.rb:93:in `initialize'
	from /opt/local/lib/ruby/gems/1.8/gems/mongrel-1.1.5/bin/../lib/mongrel/configurator.rb:139:in `new'
	from /opt/local/lib/ruby/gems/1.8/gems/mongrel-1.1.5/bin/../lib/mongrel/configurator.rb:139:in `listener'
	from /opt/local/lib/ruby/gems/1.8/gems/mongrel-1.1.5/bin/mongrel_rails:99:in `cloaker_'
	from /opt/local/lib/ruby/gems/1.8/gems/mongrel-1.1.5/bin/../lib/mongrel/configurator.rb:50:in `call'
	from /opt/local/lib/ruby/gems/1.8/gems/mongrel-1.1.5/bin/../lib/mongrel/configurator.rb:50:in `initialize'
	from /opt/local/lib/ruby/gems/1.8/gems/mongrel-1.1.5/bin/mongrel_rails:84:in `new'
	from /opt/local/lib/ruby/gems/1.8/gems/mongrel-1.1.5/bin/mongrel_rails:84:in `run'
	from /opt/local/lib/ruby/gems/1.8/gems/mongrel-1.1.5/bin/../lib/mongrel/command.rb:212:in `run'
	from /opt/local/lib/ruby/gems/1.8/gems/mongrel-1.1.5/bin/mongrel_rails:281
	from /opt/local/bin/mongrel_rails:16:in `load'
	from /opt/local/bin/mongrel_rails:16
** Daemonized, any open files are closed.  Look at log/mongrel.pid and log/mongrel.log for info.
** Starting Mongrel listening at 0.0.0.0:3000
** Starting Rails with development environment...
** Rails loaded.
** Loading any Rails specific GemPlugins
** Signals ready.  TERM => stop.  USR2 => restart.  INT => stop (no restart).
** Rails signals registered.  HUP => reload (without restart).  It might not work well.
** Mongrel 1.1.5 available at 0.0.0.0:3000
** Writing PID file to log/mongrel.pid
** Daemonized, any open files are closed.  Look at log/mongrel.pid and log/mongrel.log for info.
** Starting Mongrel listening at 0.0.0.0:3000
/opt/local/lib/ruby/gems/1.8/gems/mongrel-1.1.5/bin/../lib/mongrel/tcphack.rb:12:in `initialize_without_backlog': Address already in use - bind(2) (Errno::EADDRINUSE)
	from /opt/local/lib/ruby/gems/1.8/gems/mongrel-1.1.5/bin/../lib/mongrel/tcphack.rb:12:in `initialize'
	from /opt/local/lib/ruby/gems/1.8/gems/mongrel-1.1.5/bin/../lib/mongrel.rb:93:in `new'
	from /opt/local/lib/ruby/gems/1.8/gems/mongrel-1.1.5/bin/../lib/mongrel.rb:93:in `initialize'
	from /opt/local/lib/ruby/gems/1.8/gems/mongrel-1.1.5/bin/../lib/mongrel/configurator.rb:139:in `new'
	from /opt/local/lib/ruby/gems/1.8/gems/mongrel-1.1.5/bin/../lib/mongrel/configurator.rb:139:in `listener'
	from /opt/local/lib/ruby/gems/1.8/gems/mongrel-1.1.5/bin/mongrel_rails:99:in `cloaker_'
	from /opt/local/lib/ruby/gems/1.8/gems/mongrel-1.1.5/bin/../lib/mongrel/configurator.rb:50:in `call'
	from /opt/local/lib/ruby/gems/1.8/gems/mongrel-1.1.5/bin/../lib/mongrel/configurator.rb:50:in `initialize'
	from /opt/local/lib/ruby/gems/1.8/gems/mongrel-1.1.5/bin/mongrel_rails:84:in `new'
	from /opt/local/lib/ruby/gems/1.8/gems/mongrel-1.1.5/bin/mongrel_rails:84:in `run'
	from /opt/local/lib/ruby/gems/1.8/gems/mongrel-1.1.5/bin/../lib/mongrel/command.rb:212:in `run'
	from /opt/local/lib/ruby/gems/1.8/gems/mongrel-1.1.5/bin/mongrel_rails:281
	from /opt/local/bin/mongrel_rails:16:in `load'
	from /opt/local/bin/mongrel_rails:16
** Daemonized, any open files are closed.  Look at log/mongrel.pid and log/mongrel.log for info.
** Starting Mongrel listening at 0.0.0.0:3000
/opt/local/lib/ruby/gems/1.8/gems/mongrel-1.1.5/bin/../lib/mongrel/tcphack.rb:12:in `initialize_without_backlog': Address already in use - bind(2) (Errno::EADDRINUSE)
	from /opt/local/lib/ruby/gems/1.8/gems/mongrel-1.1.5/bin/../lib/mongrel/tcphack.rb:12:in `initialize'
	from /opt/local/lib/ruby/gems/1.8/gems/mongrel-1.1.5/bin/../lib/mongrel.rb:93:in `new'
	from /opt/local/lib/ruby/gems/1.8/gems/mongrel-1.1.5/bin/../lib/mongrel.rb:93:in `initialize'
	from /opt/local/lib/ruby/gems/1.8/gems/mongrel-1.1.5/bin/../lib/mongrel/configurator.rb:139:in `new'
	from /opt/local/lib/ruby/gems/1.8/gems/mongrel-1.1.5/bin/../lib/mongrel/configurator.rb:139:in `listener'
	from /opt/local/lib/ruby/gems/1.8/gems/mongrel-1.1.5/bin/mongrel_rails:99:in `cloaker_'
	from /opt/local/lib/ruby/gems/1.8/gems/mongrel-1.1.5/bin/../lib/mongrel/configurator.rb:50:in `call'
	from /opt/local/lib/ruby/gems/1.8/gems/mongrel-1.1.5/bin/../lib/mongrel/configurator.rb:50:in `initialize'
	from /opt/local/lib/ruby/gems/1.8/gems/mongrel-1.1.5/bin/mongrel_rails:84:in `new'
	from /opt/local/lib/ruby/gems/1.8/gems/mongrel-1.1.5/bin/mongrel_rails:84:in `run'
	from /opt/local/lib/ruby/gems/1.8/gems/mongrel-1.1.5/bin/../lib/mongrel/command.rb:212:in `run'
	from /opt/local/lib/ruby/gems/1.8/gems/mongrel-1.1.5/bin/mongrel_rails:281
	from /opt/local/bin/mongrel_rails:16:in `load'
	from /opt/local/bin/mongrel_rails:16
** Daemonized, any open files are closed.  Look at log/mongrel.pid and log/mongrel.log for info.
** Starting Mongrel listening at 0.0.0.0:3000
** Starting Rails with development environment...
** Rails loaded.
** Loading any Rails specific GemPlugins
** Signals ready.  TERM => stop.  USR2 => restart.  INT => stop (no restart).
** Rails signals registered.  HUP => reload (without restart).  It might not work well.
** Mongrel 1.1.5 available at 0.0.0.0:3000
** Writing PID file to log/mongrel.pid
** Daemonized, any open files are closed.  Look at log/mongrel.pid and log/mongrel.log for info.
** Starting Mongrel listening at 0.0.0.0:3000
** Starting Rails with production environment...
** Rails loaded.
** Loading any Rails specific GemPlugins
** Signals ready.  TERM => stop.  USR2 => restart.  INT => stop (no restart).
** Rails signals registered.  HUP => reload (without restart).  It might not work well.
** Mongrel 1.1.5 available at 0.0.0.0:3000
** Writing PID file to log/mongrel.pid
** Daemonized, any open files are closed.  Look at log/mongrel.pid and log/mongrel.log for info.
** Starting Mongrel listening at 0.0.0.0:3000
** Starting Rails with production environment...
** Rails loaded.
** Loading any Rails specific GemPlugins
** Signals ready.  TERM => stop.  USR2 => restart.  INT => stop (no restart).
** Rails signals registered.  HUP => reload (without restart).  It might not work well.
** Mongrel 1.1.5 available at 0.0.0.0:3000
** Writing PID file to log/mongrel.pid
** USR2 signal received.
** Restarting with arguments:  ruby /opt/local/lib/ruby/gems/1.8/gems/mongrel-1.1.5/bin/mongrel_rails start -e production -d
/opt/local/lib/ruby/gems/1.8/gems/mongrel-1.1.5/bin/mongrel_rails:147: warning: Insecure world writable dir /Public in PATH, mode 040777
** Daemonized, any open files are closed.  Look at log/mongrel.pid and log/mongrel.log for info.
** Starting Mongrel listening at 0.0.0.0:3000
** Starting Rails with production environment...
** Rails loaded.
** Loading any Rails specific GemPlugins
** Signals ready.  TERM => stop.  USR2 => restart.  INT => stop (no restart).
** Rails signals registered.  HUP => reload (without restart).  It might not work well.
** Mongrel 1.1.5 available at 0.0.0.0:3000
** Writing PID file to log/mongrel.pid
** USR2 signal received.
Thu Apr 30 15:36:59 +0100 2009: Reaping 1 threads for slow workers because of 'shutdown'
Waiting for 1 requests to finish, could take 60.0 seconds.
** Restarting with arguments:  ruby /opt/local/lib/ruby/gems/1.8/gems/mongrel-1.1.5/bin/mongrel_rails start -e production -d
/opt/local/lib/ruby/gems/1.8/gems/mongrel-1.1.5/bin/mongrel_rails:147: warning: Insecure world writable dir /Public in PATH, mode 040777
** Daemonized, any open files are closed.  Look at log/mongrel.pid and log/mongrel.log for info.
** Starting Mongrel listening at 0.0.0.0:3000
** Starting Rails with production environment...
** Rails loaded.
** Loading any Rails specific GemPlugins
** Signals ready.  TERM => stop.  USR2 => restart.  INT => stop (no restart).
** Rails signals registered.  HUP => reload (without restart).  It might not work well.
** Mongrel 1.1.5 available at 0.0.0.0:3000
** Writing PID file to log/mongrel.pid
** USR2 signal received.
** Restarting with arguments:  ruby /opt/local/lib/ruby/gems/1.8/gems/mongrel-1.1.5/bin/mongrel_rails start -e production -d
/opt/local/lib/ruby/gems/1.8/gems/mongrel-1.1.5/bin/mongrel_rails:147: warning: Insecure world writable dir /Public in PATH, mode 040777
** Daemonized, any open files are closed.  Look at log/mongrel.pid and log/mongrel.log for info.
** Starting Mongrel listening at 0.0.0.0:3000
** Starting Rails with production environment...
** Rails loaded.
** Loading any Rails specific GemPlugins
** Signals ready.  TERM => stop.  USR2 => restart.  INT => stop (no restart).
** Rails signals registered.  HUP => reload (without restart).  It might not work well.
** Mongrel 1.1.5 available at 0.0.0.0:3000
** Writing PID file to log/mongrel.pid
** TERM signal received.
** Daemonized, any open files are closed.  Look at log/mongrel.pid and log/mongrel.log for info.
** Starting Mongrel listening at 0.0.0.0:3000
** Starting Rails with production environment...
** Rails loaded.
** Loading any Rails specific GemPlugins
** Signals ready.  TERM => stop.  USR2 => restart.  INT => stop (no restart).
** Rails signals registered.  HUP => reload (without restart).  It might not work well.
** Mongrel 1.1.5 available at 0.0.0.0:3000
** Writing PID file to log/mongrel.pid
** Daemonized, any open files are closed.  Look at log/mongrel.pid and log/mongrel.log for info.
** Starting Mongrel listening at 0.0.0.0:3000
** Starting Rails with production environment...
** Rails loaded.
** Loading any Rails specific GemPlugins
** Signals ready.  TERM => stop.  USR2 => restart.  INT => stop (no restart).
** Rails signals registered.  HUP => reload (without restart).  It might not work well.
** Mongrel 1.1.5 available at 0.0.0.0:3000
** Writing PID file to log/mongrel.pid
** Daemonized, any open files are closed.  Look at log/mongrel.pid and log/mongrel.log for info.
** Starting Mongrel listening at 0.0.0.0:3000
** Starting Rails with production environment...
** Rails loaded.
** Loading any Rails specific GemPlugins
** Signals ready.  TERM => stop.  USR2 => restart.  INT => stop (no restart).
** Rails signals registered.  HUP => reload (without restart).  It might not work well.
** Mongrel 1.1.5 available at 0.0.0.0:3000
** Writing PID file to log/mongrel.pid
** TERM signal received.
** Daemonized, any open files are closed.  Look at log/mongrel.pid and log/mongrel.log for info.
** Starting Mongrel listening at 0.0.0.0:3000
** Starting Rails with development environment...
** Rails loaded.
** Loading any Rails specific GemPlugins
** Signals ready.  TERM => stop.  USR2 => restart.  INT => stop (no restart).
** Rails signals registered.  HUP => reload (without restart).  It might not work well.
** Mongrel 1.1.5 available at 0.0.0.0:3000
** Writing PID file to log/mongrel.pid
